2026-01-21 11:03:32 [[0;35mDEBUG[0m] [expose_components.cpp:15] Exposing components to Lua
2026-01-21 11:03:32 [[0;35mDEBUG[0m] [engine.cpp:43] Exposing C++ API to Lua
2026-01-21 11:03:32 [[0;36mINFO[0m] [admin_http_server.cpp:133] Admin HTTP server listening on http://localhost:8082
2026-01-21 11:03:32 [[0;36mINFO[0m] [admin_http_server.cpp:113] Admin HTTP server starting on port 8082
2026-01-21 11:03:32 [[0;36mINFO[0m] [network_server.cpp:79] Server started on port 8080
2026-01-21 11:03:32 [[0;35mDEBUG[0m] [network_server.cpp:75] Network IO thread started

2026-01-21 11:03:34 [[0;36mINFO[0m] [network_server.cpp:178] Client connected
Sent lobby list to client on port 62995
2026-01-21 11:03:35 [[0;36mINFO[0m] [lobby_ipc.cpp:49] Created IPC message queues for lobby 1
2026-01-21 11:03:35 [[0;36mINFO[0m] [lobby_manager.cpp:56] Lobby 'My Lobby' (ID: 1) started on port 9000 with PID 94408
2026-01-21 11:03:35 [[0;36mINFO[0m] [lobby_manager.cpp:322] Created lobby 'My Lobby' with ID 1 on port 9000
2026-01-21 11:03:35 [[0;36mINFO[0m] [lobby_manager.cpp:165] Lobby 'My Lobby' process started (PID: 94408)
2026-01-21 11:03:35 [[0;36mINFO[0m] [lobby_ipc.cpp:49] Created IPC message queues for lobby 1
2026-01-21 11:03:35 [[0;35mDEBUG[0m] [expose_components.cpp:15] Exposing components to Lua
2026-01-21 11:03:35 [[0;35mDEBUG[0m] [engine.cpp:43] Exposing C++ API to Lua
2026-01-21 11:03:35 [[0;36mINFO[0m] [network_server.cpp:79] Server started on port 9000
2026-01-21 11:03:35 [[0;35mDEBUG[0m] [network_server.cpp:75] Network IO thread started

2026-01-21 11:03:35 [[0;36mINFO[0m] [engine.cpp:86] Switching to scene lobby
2026-01-21 11:03:35 [[0;35mDEBUG[0m] [engine.cpp:95] Clearing registry...
2026-01-21 11:03:35 [[0;35mDEBUG[0m] [engine.cpp:100] Spawning initial entity 0
2026-01-21 11:03:35 [[0;35mDEBUG[0m] [engine.cpp:101] Loading scene lobby...
2026-01-21 11:03:35 [[0;36mINFO[0m] [engine.cpp:108] Scene lobby loaded
2026-01-21 11:03:35 [[0;36mINFO[0m] [lobby_manager.cpp:181] Lobby 'My Lobby' game server running on port 9000
2026-01-21 11:03:35 [[0;36mINFO[0m] [backend_api_client.cpp:72] Created lobby via backend API: ID 46
2026-01-21 11:03:35 [[0;36mINFO[0m] [lobby_manager.cpp:328] Synced lobby to backend with ID 46
Created lobby 'My Lobby' (ID: 1) on port 9000
Sent lobby list to client on port 62995
2026-01-21 11:03:36 [[0;36mINFO[0m] [lobby_manager.cpp:278] Player 127.0.0.1 joined lobby 'My Lobby'. Current players: 1/4
Player joined lobby ID 1
2026-01-21 11:03:36 [[0;36mINFO[0m] [network_server.cpp:50] Client logout request from port 62995
2026-01-21 11:03:36 [[1;91mFATAL[0m] [network_server.cpp:188] DECONNEXION
2026-01-21 11:03:36 [[0;36mINFO[0m] [network_server.cpp:190] Client disconnected from port 62995
2026-01-21 11:03:36 [[1;91mERROR[0m] [backend_api_client.cpp:38] Backend API error: HTTP error 404: {"success":false,"error":"Lobby not found"}
2026-01-21 11:03:36 [[0;36mINFO[0m] [network_server.cpp:178] Client connected
2026-01-21 11:03:36 [[0;36mINFO[0m] [server_player_control_system.cpp:130] [SERVER] Created bullet entity 7 with Replicated ID 7
2026-01-21 11:03:37 [[0;36mINFO[0m] [server_player_control_system.cpp:130] [SERVER] Created bullet entity 8 with Replicated ID 8
2026-01-21 11:03:37 [[0;36mINFO[0m] [server_player_control_system.cpp:130] [SERVER] Created bullet entity 9 with Replicated ID 9
2026-01-21 11:03:37 [[0;36mINFO[0m] [server_player_control_system.cpp:130] [SERVER] Created bullet entity 10 with Replicated ID 10
2026-01-21 11:03:37 [[0;36mINFO[0m] [server_player_control_system.cpp:130] [SERVER] Created bullet entity 11 with Replicated ID 11
2026-01-21 11:03:38 [[0;36mINFO[0m] [server_player_control_system.cpp:130] [SERVER] Created bullet entity 12 with Replicated ID 12
2026-01-21 11:03:38 [[0;36mINFO[0m] [server_player_control_system.cpp:130] [SERVER] Created bullet entity 13 with Replicated ID 13
2026-01-21 11:03:38 [[0;36mINFO[0m] [server_bullet_system.cpp:33] [SERVER] Destroying bullet entity 7 (out of bounds)
2026-01-21 11:03:38 [[0;36mINFO[0m] [server_player_control_system.cpp:130] [SERVER] Created bullet entity 7 with Replicated ID 7
2026-01-21 11:03:39 [[0;36mINFO[0m] [server_player_control_system.cpp:130] [SERVER] Created bullet entity 14 with Replicated ID 14
2026-01-21 11:03:39 [[0;36mINFO[0m] [server_bullet_system.cpp:33] [SERVER] Destroying bullet entity 8 (out of bounds)
2026-01-21 11:03:39 [[0;36mINFO[0m] [server_player_control_system.cpp:130] [SERVER] Created bullet entity 8 with Replicated ID 8
2026-01-21 11:03:39 [[0;36mINFO[0m] [server_bullet_system.cpp:33] [SERVER] Destroying bullet entity 9 (out of bounds)
2026-01-21 11:03:39 [[0;36mINFO[0m] [server_player_control_system.cpp:130] [SERVER] Created bullet entity 9 with Replicated ID 9
2026-01-21 11:03:39 [[1;91mERROR[0m] [backend_api_client.cpp:38] Backend API error: HTTP error 404: {"success":false,"error":"Lobby not found"}
2026-01-21 11:03:39 [[0;36mINFO[0m] [server_player_control_system.cpp:130] [SERVER] Created bullet entity 15 with Replicated ID 15
2026-01-21 11:03:40 [[0;36mINFO[0m] [server_bullet_system.cpp:33] [SERVER] Destroying bullet entity 10 (out of bounds)
2026-01-21 11:03:40 [[0;36mINFO[0m] [server_player_control_system.cpp:130] [SERVER] Created bullet entity 10 with Replicated ID 10
2026-01-21 11:03:40 [[0;36mINFO[0m] [server_player_control_system.cpp:130] [SERVER] Created bullet entity 16 with Replicated ID 16
2026-01-21 11:03:40 [[0;36mINFO[0m] [server_bullet_system.cpp:33] [SERVER] Destroying bullet entity 11 (out of bounds)
2026-01-21 11:03:40 [[0;36mINFO[0m] [server_collision_system.cpp:42] [SERVER] Destroying bullet entity 13 (hit enemy)
2026-01-21 11:03:40 [[0;36mINFO[0m] [server_collision_system.cpp:42] [SERVER] Destroying bullet entity 7 (hit enemy)
2026-01-21 11:03:40 [[0;36mINFO[0m] [server_player_control_system.cpp:130] [SERVER] Created bullet entity 7 with Replicated ID 7
2026-01-21 11:03:41 [[0;36mINFO[0m] [server_bullet_system.cpp:33] [SERVER] Destroying bullet entity 12 (out of bounds)
2026-01-21 11:03:41 [[0;36mINFO[0m] [server_player_control_system.cpp:130] [SERVER] Created bullet entity 12 with Replicated ID 12
2026-01-21 11:03:41 [[0;36mINFO[0m] [server_player_control_system.cpp:130] [SERVER] Created bullet entity 13 with Replicated ID 13
2026-01-21 11:03:41 [[0;36mINFO[0m] [server_player_control_system.cpp:130] [SERVER] Created bullet entity 11 with Replicated ID 11
2026-01-21 11:03:42 [[0;36mINFO[0m] [server_player_control_system.cpp:130] [SERVER] Created bullet entity 17 with Replicated ID 17
2026-01-21 11:03:42 [[0;36mINFO[0m] [server_bullet_system.cpp:33] [SERVER] Destroying bullet entity 14 (out of bounds)
2026-01-21 11:03:42 [[0;36mINFO[0m] [server_player_control_system.cpp:130] [SERVER] Created bullet entity 14 with Replicated ID 14
2026-01-21 11:03:42 [[0;36mINFO[0m] [server_bullet_system.cpp:33] [SERVER] Destroying bullet entity 8 (out of bounds)
2026-01-21 11:03:42 [[0;36mINFO[0m] [server_player_control_system.cpp:130] [SERVER] Created bullet entity 8 with Replicated ID 8
2026-01-21 11:03:42 [[0;36mINFO[0m] [server_player_control_system.cpp:130] [SERVER] Created bullet entity 18 with Replicated ID 18
2026-01-21 11:03:42 [[0;36mINFO[0m] [server_bullet_system.cpp:33] [SERVER] Destroying bullet entity 9 (out of bounds)
2026-01-21 11:03:42 [[0;36mINFO[0m] [server_player_control_system.cpp:130] [SERVER] Created bullet entity 9 with Replicated ID 9
2026-01-21 11:03:43 [[0;36mINFO[0m] [server_bullet_system.cpp:33] [SERVER] Destroying bullet entity 15 (out of bounds)
2026-01-21 11:03:43 [[1;91mERROR[0m] [backend_api_client.cpp:38] Backend API error: HTTP error 404: {"success":false,"error":"Lobby not found"}
2026-01-21 11:03:43 [[0;36mINFO[0m] [server_player_control_system.cpp:130] [SERVER] Created bullet entity 15 with Replicated ID 15
2026-01-21 11:03:43 [[0;36mINFO[0m] [server_bullet_system.cpp:33] [SERVER] Destroying bullet entity 10 (out of bounds)
2026-01-21 11:03:43 [[0;36mINFO[0m] [server_player_control_system.cpp:130] [SERVER] Created bullet entity 10 with Replicated ID 10
2026-01-21 11:03:43 [[0;36mINFO[0m] [server_bullet_system.cpp:33] [SERVER] Destroying bullet entity 16 (out of bounds)
2026-01-21 11:03:43 [[0;36mINFO[0m] [server_collision_system.cpp:42] [SERVER] Destroying bullet entity 15 (hit enemy)
2026-01-21 11:03:43 [[0;36mINFO[0m] [server_player_control_system.cpp:130] [SERVER] Created bullet entity 15 with Replicated ID 15
2026-01-21 11:03:43 [[0;36mINFO[0m] [server_bullet_system.cpp:33] [SERVER] Destroying bullet entity 7 (out of bounds)
2026-01-21 11:03:44 [[0;36mINFO[0m] [server_player_control_system.cpp:130] [SERVER] Created bullet entity 7 with Replicated ID 7
2026-01-21 11:03:44 [[0;36mINFO[0m] [server_bullet_system.cpp:33] [SERVER] Destroying bullet entity 12 (out of bounds)
2026-01-21 11:03:44 [[0;36mINFO[0m] [server_player_control_system.cpp:130] [SERVER] Created bullet entity 12 with Replicated ID 12
2026-01-21 11:03:44 [[0;36mINFO[0m] [server_player_control_system.cpp:130] [SERVER] Created bullet entity 16 with Replicated ID 16
2026-01-21 11:03:44 [[0;36mINFO[0m] [server_bullet_system.cpp:33] [SERVER] Destroying bullet entity 13 (out of bounds)
2026-01-21 11:03:44 [[0;36mINFO[0m] [server_bullet_system.cpp:33] [SERVER] Destroying bullet entity 11 (out of bounds)
2026-01-21 11:03:45 [[0;36mINFO[0m] [server_bullet_system.cpp:33] [SERVER] Destroying bullet entity 17 (out of bounds)
2026-01-21 11:03:45 [[0;36mINFO[0m] [server_bullet_system.cpp:33] [SERVER] Destroying bullet entity 14 (out of bounds)
2026-01-21 11:03:45 [[0;36mINFO[0m] [server_bullet_system.cpp:33] [SERVER] Destroying bullet entity 8 (out of bounds)
2026-01-21 11:03:45 [[0;36mINFO[0m] [server_bullet_system.cpp:33] [SERVER] Destroying bullet entity 18 (out of bounds)
2026-01-21 11:03:45 [[0;36mINFO[0m] [network_server.cpp:50] Client logout request from port 58255
2026-01-21 11:03:45 [[1;91mFATAL[0m] [network_server.cpp:188] DECONNEXION
2026-01-21 11:03:45 [[0;36mINFO[0m] [network_server.cpp:190] Client disconnected from port 58255
2026-01-21 11:03:46 [[0;36mINFO[0m] [server_bullet_system.cpp:33] [SERVER] Destroying bullet entity 9 (out of bounds)
2026-01-21 11:03:46 [[1;91mERROR[0m] [backend_api_client.cpp:38] Backend API error: HTTP error 404: {"success":false,"error":"Lobby not found"}
2026-01-21 11:03:46 [[0;36mINFO[0m] [server_bullet_system.cpp:33] [SERVER] Destroying bullet entity 10 (out of bounds)
2026-01-21 11:03:46 [[0;93mWARNING[0m] [lobby_ipc.cpp:136] IPC queue full, message dropped
2026-01-21 11:03:47 [[0;36mINFO[0m] [server_bullet_system.cpp:33] [SERVER] Destroying bullet entity 15 (out of bounds)
2026-01-21 11:03:47 [[0;36mINFO[0m] [server_bullet_system.cpp:33] [SERVER] Destroying bullet entity 7 (out of bounds)
2026-01-21 11:03:47 [[0;36mINFO[0m] [server_collision_system.cpp:42] [SERVER] Destroying bullet entity 12 (hit enemy)
2026-01-21 11:03:47 [[0;36mINFO[0m] [server_collision_system.cpp:42] [SERVER] Destroying bullet entity 16 (hit enemy)
2026-01-21 11:03:47 [[0;93mWARNING[0m] [lobby_ipc.cpp:136] IPC queue full, message dropped
